🚀 BTC 15分钟市场监控启动
============================================================

[09:09:29] 检查市场...
   btc-updown-15m-1772629200: 已关闭
   btc-updown-15m-1772630100: 已关闭
   btc-updown-15m-1772631000: 已关闭
   当前没有好的交易机会...

[09:10:01] 检查市场...
   btc-updown-15m-1772629200: 已关闭
   btc-updown-15m-1772630100: 已关闭
   btc-updown-15m-1772631000: 已关闭
   当前没有好的交易机会...

[09:10:34] 检查市场...
   btc-updown-15m-1772629200: 已关闭
   btc-updown-15m-1772630100: 已关闭
   btc-updown-15m-1772631000: 已关闭
   当前没有好的交易机会...

[09:11:09] 检查市场...
   btc-updown-15m-1772629200: 已关闭
   btc-updown-15m-1772630100: 已关闭
   btc-updown-15m-1772631000: 已关闭
   当前没有好的交易机会...

[09:11:42] 检查市场...
   btc-updown-15m-1772629200: 已关闭
   btc-updown-15m-1772630100: 已关闭
   btc-updown-15m-1772631000: 已关闭
   当前没有好的交易机会...

[09:12:14] 检查市场...
   btc-updown-15m-1772629200: 已关闭
   btc-updown-15m-1772630100: 已关闭
   btc-updown-15m-1772631000: 已关闭
   当前没有好的交易机会...

[09:12:47] 检查市场...
   btc-updown-15m-1772629200: 已关闭
   btc-updown-15m-1772630100: 已关闭
   btc-updown-15m-1772631000: 已关闭
   当前没有好的交易机会...

[09:13:19] 检查市场...
   btc-updown-15m-1772629200: 已关闭
   btc-updown-15m-1772630100: 已关闭
   btc-updown-15m-1772631000: 已关闭
   当前没有好的交易机会...

[09:13:52] 检查市场...
   btc-updown-15m-1772629200: 已关闭
   btc-updown-15m-1772630100: 已关闭
   btc-updown-15m-1772631000: 已关闭
   当前没有好的交易机会...

[09:14:24] 检查市场...
   btc-updown-15m-1772629200: 已关闭
   btc-updown-15m-1772630100: 已关闭
   btc-updown-15m-1772631000: 已关闭
   当前没有好的交易机会...

[09:14:57] 检查市场...
   btc-updown-15m-1772629200: 已关闭
   btc-updown-15m-1772630100: 已关闭
   btc-updown-15m-1772631000: 已关闭
   当前没有好的交易机会...

[09:15:30] 检查市场...
   btc-updown-15m-1772629200: 已关闭
   btc-updown-15m-1772630100: 已关闭
   btc-updown-15m-1772631000: 已关闭
   当前没有好的交易机会...

[09:16:03] 检查市场...
   btc-updown-15m-1772629200: 已关闭
   btc-updown-15m-1772630100: 已关闭
   btc-updown-15m-1772631000: 已关闭
   当前没有好的交易机会...

[09:16:35] 检查市场...
   btc-updown-15m-1772629200: 已关闭
   btc-updown-15m-1772630100: 已关闭
   btc-updown-15m-1772631000: 已关闭
   当前没有好的交易机会...

[09:17:08] 检查市场...
   btc-updown-15m-1772629200: 已关闭
   btc-updown-15m-1772630100: 已关闭
   btc-updown-15m-1772631000: 已关闭
   当前没有好的交易机会...

[09:17:40] 检查市场...
   btc-updown-15m-1772629200: 已关闭
   btc-updown-15m-1772630100: 已关闭
   btc-updown-15m-1772631000: 已关闭
   当前没有好的交易机会...

[09:18:12] 检查市场...
   btc-updown-15m-1772629200: 已关闭
   btc-updown-15m-1772630100: 已关闭
   当前没有好的交易机会...

[09:18:49] 检查市场...
   btc-updown-15m-1772629200: 已关闭
   btc-updown-15m-1772630100: 已关闭
   btc-updown-15m-1772631000: 已关闭
   当前没有好的交易机会...

[09:19:21] 检查市场...
   btc-updown-15m-1772629200: 已关闭
   btc-updown-15m-1772630100: 已关闭
   btc-updown-15m-1772631000: 已关闭
   当前没有好的交易机会...

[09:19:53] 检查市场...
   btc-updown-15m-1772629200: 已关闭
   btc-updown-15m-1772630100: 已关闭
   btc-updown-15m-1772631000: 已关闭
   当前没有好的交易机会...

[09:20:25] 检查市场...
   btc-updown-15m-1772629200: 已关闭
   btc-updown-15m-1772630100: 已关闭
   btc-updown-15m-1772631000: 已关闭
   当前没有好的交易机会...

[09:20:57] 检查市场...
   btc-updown-15m-1772629200: 已关闭
   btc-updown-15m-1772630100: 已关闭
   btc-updown-15m-1772631000: 已关闭
   当前没有好的交易机会...

[09:21:31] 检查市场...
   btc-updown-15m-1772629200: 已关闭
   btc-updown-15m-1772630100: 已关闭
   btc-updown-15m-1772631000: 已关闭
   当前没有好的交易机会...

[09:22:04] 检查市场...
   btc-updown-15m-1772629200: 已关闭
   btc-updown-15m-1772630100: 已关闭
   btc-updown-15m-1772631000: 已关闭
   当前没有好的交易机会...

[09:22:37] 检查市场...
   btc-updown-15m-1772629200: 已关闭
   btc-updown-15m-1772630100: 已关闭
   btc-updown-15m-1772631000: 已关闭
   当前没有好的交易机会...

[09:23:09] 检查市场...
   btc-updown-15m-1772629200: 已关闭
   btc-updown-15m-1772630100: 已关闭
   btc-updown-15m-1772631000: 已关闭
   当前没有好的交易机会...

[09:23:42] 检查市场...
   btc-updown-15m-1772629200: 已关闭
   btc-updown-15m-1772630100: 已关闭
   btc-updown-15m-1772631000: 已关闭
   当前没有好的交易机会...

[09:24:14] 检查市场...
   btc-updown-15m-1772629200: 已关闭
   btc-updown-15m-1772630100: 已关闭
   btc-updown-15m-1772631000: 已关闭
   当前没有好的交易机会...

[09:24:46] 检查市场...
   btc-updown-15m-1772629200: 已关闭
   btc-updown-15m-1772630100: 已关闭
   btc-updown-15m-1772631000: 已关闭
   当前没有好的交易机会...

[09:25:18] 检查市场...
   btc-updown-15m-1772629200: 已关闭
   btc-updown-15m-1772630100: 已关闭
   btc-updown-15m-1772631000: 已关闭
   当前没有好的交易机会...

[09:25:50] 检查市场...
   btc-updown-15m-1772629200: 已关闭
   btc-updown-15m-1772630100: 已关闭
   btc-updown-15m-1772631000: 已关闭
   当前没有好的交易机会...

[09:26:24] 检查市场...
   btc-updown-15m-1772629200: 已关闭
   btc-updown-15m-1772630100: 已关闭
   btc-updown-15m-1772631000: 已关闭
   当前没有好的交易机会...

[09:26:56] 检查市场...
   btc-updown-15m-1772629200: 已关闭
   btc-updown-15m-1772630100: 已关闭
   btc-updown-15m-1772631000: 已关闭
   当前没有好的交易机会...

[09:27:29] 检查市场...
   btc-updown-15m-1772629200: 已关闭
   btc-updown-15m-1772630100: 已关闭
   btc-updown-15m-1772631000: 已关闭
   当前没有好的交易机会...

[09:28:01] 检查市场...
   btc-updown-15m-1772629200: 已关闭
   btc-updown-15m-1772630100: 已关闭
   btc-updown-15m-1772631000: 已关闭
   当前没有好的交易机会...

[09:28:33] 检查市场...
   btc-updown-15m-1772629200: 已关闭
   btc-updown-15m-1772630100: 已关闭
   btc-updown-15m-1772631000: 已关闭
   当前没有好的交易机会...

[09:29:06] 检查市场...
   btc-updown-15m-1772629200: 已关闭
   btc-updown-15m-1772630100: 已关闭
   btc-updown-15m-1772631000: 已关闭
   当前没有好的交易机会...

[09:29:38] 检查市场...
   btc-updown-15m-1772629200: 已关闭
   btc-updown-15m-1772630100: 已关闭
   btc-updown-15m-1772631000: 已关闭
   当前没有好的交易机会...

[09:30:11] 检查市场...
   btc-updown-15m-1772629200: 已关闭
   btc-updown-15m-1772630100: 已关闭
   btc-updown-15m-1772631000: 已关闭
   当前没有好的交易机会...

[09:30:43] 检查市场...
   btc-updown-15m-1772629200: 已关闭
   btc-updown-15m-1772630100: 已关闭
   btc-updown-15m-1772631000: 已关闭
   当前没有好的交易机会...

[09:31:15] 检查市场...
   btc-updown-15m-1772629200: 已关闭
   btc-updown-15m-1772630100: 已关闭
   btc-updown-15m-1772631000: 已关闭
   当前没有好的交易机会...

[09:31:47] 检查市场...
   btc-updown-15m-1772629200: 已关闭
   btc-updown-15m-1772630100: 已关闭
   btc-updown-15m-1772631000: 已关闭
   当前没有好的交易机会...

[09:32:20] 检查市场...
   btc-updown-15m-1772629200: 已关闭
   btc-updown-15m-1772630100: 已关闭
   btc-updown-15m-1772631000: 已关闭
   当前没有好的交易机会...

[09:32:53] 检查市场...
   btc-updown-15m-1772629200: 已关闭
   btc-updown-15m-1772630100: 已关闭
   btc-updown-15m-1772631000: 已关闭
   当前没有好的交易机会...